<?xml version="1.0" encoding="UTF-8"?>
<testng-results ignored="0" total="3" passed="3" failed="0" skipped="0">
  <reporter-output>
  </reporter-output>
  <suite started-at="2021-09-03T14:09:50 IST" name="Default suite" finished-at="2021-09-03T14:11:05 IST" duration-ms="75402">
    <groups>
      <group name="cucumber">
        <method signature="AbstractTestNGCucumberTests.runScenario(io.cucumber.testng.PickleWrapper,io.cucumber.testng.FeatureWrapper)[pri:0, instance:com.runner.TestRunner@dbf57b3]" name="runScenario" class="io.cucumber.testng.AbstractTestNGCucumberTests"/>
      </group> <!-- cucumber -->
    </groups>
    <test started-at="2021-09-03T14:09:50 IST" name="Default test" finished-at="2021-09-03T14:11:05 IST" duration-ms="75402">
      <class name="com.runner.TestRunner">
        <test-method is-config="true" signature="setUpClass()[pri:0, instance:com.runner.TestRunner@dbf57b3]" started-at="2021-09-03T14:09:50 IST" name="setUpClass" finished-at="2021-09-03T14:09:51 IST" duration-ms="444" status="PASS">
          <reporter-output>
          </reporter-output>
        </test-method> <!-- setUpClass -->
        <test-method signature="runScenario(io.cucumber.testng.PickleWrapper,io.cucumber.testng.FeatureWrapper)[pri:0, instance:com.runner.TestRunner@dbf57b3]" started-at="2021-09-03T14:09:51 IST" name="runScenario" description="Runs Cucumber Scenarios" data-provider="scenarios" finished-at="2021-09-03T14:10:21 IST" duration-ms="30283" status="PASS">
          <params>
            <param index="0">
              <value>
                <![CDATA["verify Student registration on ToolsQA website"]]>
              </value>
            </param>
            <param index="1">
              <value>
                <![CDATA["Optional[Verify Different modules of ToolsQA website]"]]>
              </value>
            </param>
          </params>
          <reporter-output>
          </reporter-output>
        </test-method> <!-- runScenario -->
        <test-method signature="runScenario(io.cucumber.testng.PickleWrapper,io.cucumber.testng.FeatureWrapper)[pri:0, instance:com.runner.TestRunner@dbf57b3]" started-at="2021-09-03T14:10:21 IST" name="runScenario" description="Runs Cucumber Scenarios" data-provider="scenarios" finished-at="2021-09-03T14:10:42 IST" duration-ms="21501" status="PASS">
          <params>
            <param index="0">
              <value>
                <![CDATA["verify Student registration on ToolsQA website"]]>
              </value>
            </param>
            <param index="1">
              <value>
                <![CDATA["Optional[Verify Different modules of ToolsQA website]"]]>
              </value>
            </param>
          </params>
          <reporter-output>
          </reporter-output>
        </test-method> <!-- runScenario -->
        <test-method signature="runScenario(io.cucumber.testng.PickleWrapper,io.cucumber.testng.FeatureWrapper)[pri:0, instance:com.runner.TestRunner@dbf57b3]" started-at="2021-09-03T14:10:42 IST" name="runScenario" description="Runs Cucumber Scenarios" data-provider="scenarios" finished-at="2021-09-03T14:11:05 IST" duration-ms="22508" status="PASS">
          <params>
            <param index="0">
              <value>
                <![CDATA["verify Student registration on ToolsQA website"]]>
              </value>
            </param>
            <param index="1">
              <value>
                <![CDATA["Optional[Verify Different modules of ToolsQA website]"]]>
              </value>
            </param>
          </params>
          <reporter-output>
          </reporter-output>
        </test-method> <!-- runScenario -->
        <test-method is-config="true" signature="tearDownClass()[pri:0, instance:com.runner.TestRunner@dbf57b3]" started-at="2021-09-03T14:11:05 IST" name="tearDownClass" finished-at="2021-09-03T14:11:05 IST" duration-ms="596" status="PASS">
          <reporter-output>
          </reporter-output>
        </test-method> <!-- tearDownClass -->
      </class> <!-- com.runner.TestRunner -->
    </test> <!-- Default test -->
  </suite> <!-- Default suite -->
</testng-results>
